<?xml version="1.0" encoding="UTF-8"?>
<!-- Generated by org.testng.reporters.JUnitReportReporter -->
<testsuite skipped="0" hostname="HSLL-HO-0662" name="holisol.qa.dms.pom.TestCase.LoginPageTest" tests="1" failures="0" timestamp="26 May 2020 09:30:16 GMT" time="0.794" errors="0">
  <testcase name="doLoginTest" time="0.794" classname="holisol.qa.dms.pom.TestCase.LoginPageTest"/>
</testsuite> <!-- holisol.qa.dms.pom.TestCase.LoginPageTest -->
